<?xml version="1.0" encoding="UTF-8"?>
<!-- Generated by org.testng.reporters.JUnitReportReporter -->
<testsuite hostname="SuryaKavya" failures="0" tests="1" name="ui.creative.testrunners.Cross_Browser" time="29.045" errors="0" timestamp="2025-02-23T17:03:48 IST" skipped="0">
  <testcase classname="ui.creative.testrunners.Cross_Browser" name="runScenario" time="29.045"/>
  <system-out/>
</testsuite> <!-- ui.creative.testrunners.Cross_Browser -->
