<?xml version="1.0" encoding="UTF-8"?>
<!-- Generated by org.testng.reporters.JUnitReportReporter -->
<testsuite hostname="SuryaKavya" failures="0" tests="1" name="ui.creative.testrunners.Smoke_Runner" time="12.585" errors="0" timestamp="2025-02-24T13:22:03 IST" skipped="0">
  <testcase classname="ui.creative.testrunners.Smoke_Runner" name="runScenario" time="12.585"/>
  <system-out/>
</testsuite> <!-- ui.creative.testrunners.Smoke_Runner -->
