<?xml version="1.0" encoding="UTF-8"?>
<!-- Generated by org.testng.reporters.JUnitReportReporter -->
<testsuite hostname="SuryaKavya" failures="0" tests="2" name="ui.creative.dynamictestrunners.Cross_Browser_Parallel_Property_Runner_01_2" time="29.993" errors="0" timestamp="2025-03-13T10:27:33 IST" skipped="0">
  <testcase classname="ui.creative.dynamictestrunners.Cross_Browser_Parallel_Property_Runner_01_2" name="runScenario" time="12.489"/>
  <system-out/>
  <testcase classname="ui.creative.dynamictestrunners.Cross_Browser_Parallel_Property_Runner_01_2" name="runScenario" time="17.504"/>
  <system-out/>
</testsuite> <!-- ui.creative.dynamictestrunners.Cross_Browser_Parallel_Property_Runner_01_2 -->
