<?xml version="1.0" encoding="UTF-8"?>
<!-- Generated by org.testng.reporters.JUnitReportReporter -->
<testsuite hostname="SuryaKavya" failures="0" tests="2" name="ui.creative.dynamictestrunners.Cross_Browser_Parallel_Property_Runner_01_1" time="55.394" errors="0" timestamp="2025-03-13T10:27:33 IST" skipped="0">
  <testcase classname="ui.creative.dynamictestrunners.Cross_Browser_Parallel_Property_Runner_01_1" name="runScenario" time="32.560"/>
  <system-out/>
  <testcase classname="ui.creative.dynamictestrunners.Cross_Browser_Parallel_Property_Runner_01_1" name="runScenario" time="22.834"/>
  <system-out/>
</testsuite> <!-- ui.creative.dynamictestrunners.Cross_Browser_Parallel_Property_Runner_01_1 -->
