<?xml version="1.0" encoding="UTF-8"?>
<!-- Generated by org.testng.reporters.JUnitReportReporter -->
<testsuite hostname="SuryaKavya" failures="0" tests="1" name="FrameWork_Overview.Practise" time="0.008" errors="0" timestamp="2025-03-13T17:43:20 IST" skipped="0">
  <testcase classname="FrameWork_Overview.Practise" name="TestMain" time="0.008"/>
  <system-out/>
</testsuite> <!-- FrameWork_Overview.Practise -->
