<?xml version="1.0" encoding="UTF-8"?>
<!-- Generated by org.testng.reporters.JUnitReportReporter -->
<testsuite hostname="SuryaKavya" failures="0" tests="1" name="ui.creative.testrunners.Regression_Runner" time="25.580" errors="0" timestamp="2025-03-13T16:44:11 IST" skipped="0">
  <testcase classname="ui.creative.testrunners.Regression_Runner" name="runScenario" time="25.580"/>
  <system-out/>
</testsuite> <!-- ui.creative.testrunners.Regression_Runner -->
